2016/09/22 13:05:29 INFO  - jmeter.util.JMeterUtils: Setting Locale to es_ES 
2016/09/22 13:05:29 INFO  - jmeter.util.JMeterUtils: Could not find resources for 'es_ES', using 'es' 
2016/09/22 13:05:29 INFO  - jmeter.JMeter: Loading user properties from: /usr/local/bin/apache-jmeter-2.13/bin/user.properties 
2016/09/22 13:05:29 INFO  - jmeter.JMeter: Loading system properties from: /usr/local/bin/apache-jmeter-2.13/bin/system.properties 
2016/09/22 13:05:29 INFO  - jmeter.JMeter: Copyright (c) 1998-2015 The Apache Software Foundation 
2016/09/22 13:05:29 INFO  - jmeter.JMeter: Version 2.13 r1665067 
2016/09/22 13:05:29 INFO  - jmeter.JMeter: java.version=1.7.0_91 
2016/09/22 13:05:29 INFO  - jmeter.JMeter: java.vm.name=OpenJDK 64-Bit Server VM 
2016/09/22 13:05:29 INFO  - jmeter.JMeter: os.name=Linux 
2016/09/22 13:05:29 INFO  - jmeter.JMeter: os.arch=amd64 
2016/09/22 13:05:29 INFO  - jmeter.JMeter: os.version=3.16.0-30-generic 
2016/09/22 13:05:29 INFO  - jmeter.JMeter: file.encoding=UTF-8 
2016/09/22 13:05:29 INFO  - jmeter.JMeter: Default Locale=espa単ol (Espa単a) 
2016/09/22 13:05:29 INFO  - jmeter.JMeter: JMeter  Locale=espa単ol (Espa単a) 
2016/09/22 13:05:29 INFO  - jmeter.JMeter: JMeterHome=/usr/local/bin/apache-jmeter-2.13 
2016/09/22 13:05:29 INFO  - jmeter.JMeter: user.dir  =/mnt/virtual/rb-tests/scripts/jmeter 
2016/09/22 13:05:29 INFO  - jmeter.JMeter: PWD       =/mnt/virtual/rb-tests/scripts/jmeter 
2016/09/22 13:05:29 INFO  - jmeter.JMeter: IP: 127.0.1.1 Name: jenkins-slave FullName: jenkins-slave 
2016/09/22 13:05:29 INFO  - jmeter.services.FileServer: Default base='/mnt/virtual/rb-tests/scripts/jmeter' 
2016/09/22 13:05:29 INFO  - jmeter.services.FileServer: Set new base='/mnt/virtual/rb-tests/scripts/jmeter' 
2016/09/22 13:05:29 INFO  - jmeter.save.SaveService: Testplan (JMX) version: 2.2. Testlog (JTL) version: 2.2 
2016/09/22 13:05:29 INFO  - jmeter.save.SaveService: Using SaveService properties file encoding UTF-8 
2016/09/22 13:05:29 INFO  - jmeter.save.SaveService: Using SaveService properties file version 1656252 
2016/09/22 13:05:29 INFO  - jmeter.save.SaveService: Using SaveService properties version 2.8 
2016/09/22 13:05:29 INFO  - jmeter.save.SaveService: All converter versions present and correct 
2016/09/22 13:05:29 INFO  - jmeter.save.SaveService: Loading file: temp.jmx 
2016/09/22 13:05:29 INFO  - jmeter.protocol.http.sampler.HTTPSamplerBase: Cannot find .className property for htmlParser, using default 
2016/09/22 13:05:29 INFO  - jmeter.protocol.http.sampler.HTTPSamplerBase: Parser for text/html is  
2016/09/22 13:05:29 INFO  - jmeter.protocol.http.sampler.HTTPSamplerBase: Parser for application/xhtml+xml is  
2016/09/22 13:05:29 INFO  - jmeter.protocol.http.sampler.HTTPSamplerBase: Parser for application/xml is  
2016/09/22 13:05:29 INFO  - jmeter.protocol.http.sampler.HTTPSamplerBase: Parser for text/xml is  
2016/09/22 13:05:29 INFO  - jmeter.protocol.http.sampler.HTTPSamplerBase: Parser for text/vnd.wap.wml is org.apache.jmeter.protocol.http.parser.RegexpHTMLParser 
2016/09/22 13:05:29 INFO  - jmeter.protocol.http.control.CookieManager: Settings: Delete null: true Check: true Allow variable: true Save: false Prefix: COOKIE_ 
2016/09/22 13:05:29 INFO  - jmeter.JMeter: Creating summariser <summary> 
2016/09/22 13:05:29 INFO  - jmeter.engine.StandardJMeterEngine: Listeners will be started after enabling running version 
2016/09/22 13:05:29 INFO  - jmeter.engine.StandardJMeterEngine: To revert to the earlier behaviour, define jmeterengine.startlistenerslater=false 
2016/09/22 13:05:29 INFO  - jmeter.engine.StandardJMeterEngine: Running the test! 
2016/09/22 13:05:29 INFO  - jmeter.samplers.SampleEvent: List of sample_variables: [] 
2016/09/22 13:05:29 INFO  - jmeter.samplers.SampleEvent: List of sample_variables: [] 
2016/09/22 13:05:29 INFO  - jmeter.engine.util.CompoundVariable: Note: Function class names must contain the string: '.functions.' 
2016/09/22 13:05:29 INFO  - jmeter.engine.util.CompoundVariable: Note: Function class names must not contain the string: '.gui.' 
2016/09/22 13:05:29 INFO  - jmeter.JMeter: Test lanzado (1474542329413) 
2016/09/22 13:05:29 INFO  - jmeter.engine.StandardJMeterEngine: Starting ThreadGroup: 1 : Grupo de Hilos 
2016/09/22 13:05:29 INFO  - jmeter.engine.StandardJMeterEngine: Starting 1 threads for group Grupo de Hilos. 
2016/09/22 13:05:29 INFO  - jmeter.engine.StandardJMeterEngine: Test will stop on error 
2016/09/22 13:05:29 INFO  - jmeter.threads.ThreadGroup: Starting thread group number 1 threads 1 ramp-up 1 perThread 1000.0 delayedStart=false 
2016/09/22 13:05:29 INFO  - jmeter.threads.JMeterThread: jmeterthread.startearlier=true (see jmeter.properties) 
2016/09/22 13:05:29 INFO  - jmeter.threads.JMeterThread: Running PostProcessors in forward order 
2016/09/22 13:05:29 INFO  - jmeter.threads.ThreadGroup: Started thread group number 1 
2016/09/22 13:05:29 INFO  - jmeter.engine.StandardJMeterEngine: All thread groups have been started 
2016/09/22 13:05:29 INFO  - jmeter.threads.JMeterThread: Thread started: Grupo de Hilos 1-1 
2016/09/22 13:05:29 INFO  - jmeter.protocol.http.sampler.HTTPHCAbstractImpl: Local host = jenkins-slave 
2016/09/22 13:05:29 INFO  - jmeter.protocol.http.sampler.HTTPHC4Impl: HTTP request retry count = 0 
2016/09/22 13:05:29 INFO  - jmeter.protocol.http.sampler.HTTPHC4Impl: Setting up HTTPS TrustAll scheme 
2016/09/22 13:05:29 INFO  - jmeter.util.JsseSSLManager: Using default SSL protocol: TLS 
2016/09/22 13:05:29 INFO  - jmeter.util.JsseSSLManager: SSL session context: per-thread 
2016/09/22 13:05:29 INFO  - jmeter.samplers.SampleResult: Note: Sample TimeStamps are START times 
2016/09/22 13:05:29 INFO  - jmeter.samplers.SampleResult: sampleresult.default.encoding is set to ISO-8859-1 
2016/09/22 13:05:29 INFO  - jmeter.samplers.SampleResult: sampleresult.useNanoTime=true 
2016/09/22 13:05:29 INFO  - jmeter.samplers.SampleResult: sampleresult.nanoThreadSleep=5000 
2016/09/22 13:05:29 INFO  - jmeter.util.SSLManager: JmeterKeyStore Location:  type JKS 
2016/09/22 13:05:29 INFO  - jmeter.util.SSLManager: KeyStore created OK 
2016/09/22 13:05:29 WARN  - jmeter.util.SSLManager: Keystore file not found, loading empty keystore 
2016/09/22 13:05:30 INFO  - jmeter.reporters.Summariser: summary +      1 in     1s =    1,3/s Avg:   363 Min:   363 Max:   363 Err:     0 (0,00%) Active: 1 Started: 1 Finished: 0 
2016/09/22 13:05:30 INFO  - jmeter.threads.JMeterThread: Thread is done: Grupo de Hilos 1-1 
2016/09/22 13:05:30 INFO  - jmeter.threads.JMeterThread: Thread finished: Grupo de Hilos 1-1 
2016/09/22 13:05:30 INFO  - jmeter.engine.StandardJMeterEngine: Notifying test listeners of end of test 
2016/09/22 13:05:30 INFO  - jmeter.reporters.Summariser: summary +      2 in     1s =    2,6/s Avg:   372 Min:   269 Max:   476 Err:     0 (0,00%) Active: 0 Started: 1 Finished: 1 
2016/09/22 13:05:30 INFO  - jmeter.reporters.Summariser: summary =      3 in     2s =    2,0/s Avg:   369 Min:   269 Max:   476 Err:     0 (0,00%) 
